2019-01-20 15:52:10 INFO  Log:21 - ****************** Test Execution started ******************
2019-01-20 15:52:10 INFO  Log:11 - Starting Test for First test
2019-01-20 15:52:22 ERROR Log:30 - Element 'txtusername' by name : ctl00$MainContent$username1 is not found
2019-01-20 15:52:22 INFO  Log:11 - Starting Test for second test
2019-01-20 15:52:22 INFO  Log:21 - test2 passed.
2019-01-20 15:52:22 INFO  Log:16 - Ending Test for second test
2019-01-20 15:52:22 INFO  Log:21 - ****************** Test Execution completed ****************
2019-01-20 16:44:52 INFO  Log:21 - ****************** Test Execution started ******************
2019-01-20 16:44:52 INFO  Log:21 - ****************** Test Execution completed ****************
2019-01-20 17:08:52 INFO  Log:21 - ****************** Test Execution started ******************
2019-01-20 17:08:52 INFO  Log:21 - ****************** Test Execution completed ****************
2019-01-20 17:10:17 INFO  Log:21 - ****************** Test Execution started ******************
2019-01-20 17:10:17 INFO  Log:21 - ****************** Test Execution completed ****************
2019-01-20 17:10:49 INFO  Log:21 - ****************** Test Execution started ******************
2019-01-20 17:10:51 INFO  Log:21 - ****************** Test Execution completed ****************
2019-01-20 17:13:24 INFO  Log:21 - ****************** Test Execution started ******************
2019-01-20 17:13:26 INFO  Log:21 - ****************** Test Execution completed ****************
2019-01-20 17:15:40 INFO  Log:21 - ****************** Test Execution started ******************
2019-01-20 17:15:41 INFO  Log:21 - ****************** Test Execution completed ****************
2019-01-20 17:16:49 INFO  Log:21 - ****************** Test Execution started ******************
2019-01-20 17:16:51 INFO  Log:21 - ****************** Test Execution completed ****************
2019-01-20 17:25:59 INFO  Log:21 - ****************** Test Execution started ******************
2019-01-20 17:26:01 INFO  Log:21 - ****************** Test Execution completed ****************
2019-01-20 17:28:17 INFO  Log:21 - ****************** Test Execution started ******************
2019-01-20 17:28:19 INFO  Log:21 - ****************** Test Execution completed ****************
2019-01-20 17:48:22 INFO  Log:21 - ****************** Test Execution started ******************
2019-01-20 17:48:23 INFO  Log:21 - ****************** Test Execution completed ****************
2019-01-20 17:50:37 INFO  Log:21 - ****************** Test Execution started ******************
2019-01-20 17:50:38 INFO  Log:21 - ****************** Test Execution completed ****************
2019-01-20 17:52:28 INFO  Log:21 - ****************** Test Execution started ******************
2019-01-20 17:52:29 INFO  Log:21 - ****************** Test Execution completed ****************
2019-01-20 17:54:14 INFO  Log:21 - ****************** Test Execution started ******************
2019-01-20 17:54:15 INFO  Log:21 - ****************** Test Execution completed ****************
2019-01-20 17:55:29 INFO  Log:21 - ****************** Test Execution started ******************
2019-01-20 17:55:30 INFO  Log:21 - ****************** Test Execution completed ****************
2019-01-20 17:56:04 INFO  Log:21 - ****************** Test Execution started ******************
2019-01-20 17:56:06 INFO  Log:21 - ****************** Test Execution completed ****************
2019-01-20 18:22:15 INFO  Log:21 - ****************** Test Execution started ******************
2019-01-20 18:22:16 ERROR Log:30 - Element 'username' by name : ctl00$MainContent$username is not found
2019-01-20 18:22:16 INFO  Log:21 - ****************** Test Execution completed ****************
2019-01-20 18:24:42 INFO  Log:21 - ****************** Test Execution started ******************
2019-01-20 18:24:43 ERROR Log:30 - Element 'username' by name : ctl00$MainContent$username is not found
2019-01-20 18:24:43 INFO  Log:21 - ****************** Test Execution completed ****************
2019-01-20 18:25:32 INFO  Log:21 - ****************** Test Execution started ******************
2019-01-20 18:25:33 ERROR Log:30 - Element 'username' by name : ctl00$MainContent$username is not found
2019-01-20 18:25:33 INFO  Log:21 - ****************** Test Execution completed ****************
2019-01-20 18:26:20 INFO  Log:21 - ****************** Test Execution started ******************
2019-01-20 18:26:48 INFO  Log:21 - Entered text in 'username'
2019-01-20 18:26:48 INFO  Log:21 - Entered text in 'password'
2019-01-20 18:26:52 INFO  Log:21 - Clicked on 'loginbutton' button.
2019-01-20 18:26:52 INFO  Log:21 - ****************** Test Execution completed ****************
2019-01-20 18:28:42 INFO  Log:21 - ****************** Test Execution started ******************
2019-01-20 18:28:57 INFO  Log:21 - Entered text in 'username'
2019-01-20 18:28:57 INFO  Log:21 - Entered text in 'password'
2019-01-20 18:29:00 INFO  Log:21 - Clicked on 'loginbutton' button.
2019-01-20 18:29:00 INFO  Log:21 - ****************** Test Execution completed ****************
2019-01-20 18:49:45 INFO  Log:21 - ****************** Test Execution started ******************
2019-01-20 18:49:58 INFO  Log:21 - ****************** Test Execution completed ****************
2019-01-20 18:52:12 INFO  Log:21 - ****************** Test Execution started ******************
2019-01-20 18:52:26 INFO  Log:21 - ****************** Test Execution completed ****************
2019-01-20 18:58:30 INFO  Log:21 - ****************** Test Execution started ******************
2019-01-20 18:58:43 INFO  Log:21 - Entered text in 'username'
2019-01-20 18:58:44 INFO  Log:21 - Entered text in 'password'
2019-01-20 18:58:44 INFO  Log:21 - Clicked on 'loginbutton' button.
2019-01-20 18:58:44 INFO  Log:21 - ****************** Test Execution completed ****************
2019-01-20 18:59:27 INFO  Log:21 - ****************** Test Execution started ******************
2019-01-20 18:59:37 INFO  Log:21 - Entered text in 'username'
2019-01-20 18:59:37 INFO  Log:21 - Entered text in 'password'
2019-01-20 18:59:40 INFO  Log:21 - Clicked on 'loginbutton' button.
2019-01-20 18:59:40 INFO  Log:21 - ****************** Test Execution completed ****************
2019-01-20 19:00:37 INFO  Log:21 - ****************** Test Execution started ******************
2019-01-20 19:04:36 INFO  Log:21 - Entered text in 'username'
2019-01-20 19:04:45 INFO  Log:21 - Entered text in 'password'
2019-01-20 19:04:55 INFO  Log:21 - Clicked on 'loginbutton' button.
2019-01-20 19:04:55 INFO  Log:21 - ****************** Test Execution completed ****************
2019-01-21 11:57:31 INFO  Log:21 - ****************** Test Execution started ******************
2019-01-21 11:57:34 INFO  Log:21 - ****************** Test Execution completed ****************
2019-01-21 11:59:44 INFO  Log:21 - ****************** Test Execution started ******************
2019-01-21 11:59:48 INFO  Log:21 - ****************** Test Execution completed ****************
2019-01-21 12:01:08 INFO  Log:21 - ****************** Test Execution started ******************
2019-01-21 12:03:59 INFO  Log:21 - ****************** Test Execution started ******************
2019-01-21 12:04:00 INFO  Log:21 - ****************** Test Execution completed ****************
2019-01-21 12:05:48 INFO  Log:21 - ****************** Test Execution started ******************
2019-01-21 12:05:49 INFO  Log:21 - ****************** Test Execution completed ****************
2019-01-21 12:07:24 INFO  Log:21 - ****************** Test Execution started ******************
2019-01-21 12:07:25 INFO  Log:21 - ****************** Test Execution completed ****************
2019-01-21 12:08:28 INFO  Log:21 - ****************** Test Execution started ******************
2019-01-21 12:08:29 INFO  Log:21 - ****************** Test Execution completed ****************
2019-01-21 13:01:10 INFO  Log:21 - ****************** Test Execution started ******************
2019-01-21 13:01:45 INFO  Log:21 - ****************** Test Execution completed ****************
2019-01-21 13:03:01 INFO  Log:21 - ****************** Test Execution started ******************
2019-01-21 13:06:54 INFO  Log:21 - ****************** Test Execution completed ****************
2019-01-21 13:09:54 INFO  Log:21 - ****************** Test Execution started ******************
2019-01-21 13:09:56 INFO  Log:21 - ****************** Test Execution completed ****************
2019-01-21 13:11:41 INFO  Log:21 - ****************** Test Execution started ******************
2019-01-21 13:11:54 INFO  Log:21 - ****************** Test Execution completed ****************
2019-01-21 13:13:55 INFO  Log:21 - ****************** Test Execution started ******************
2019-01-21 13:14:13 INFO  Log:21 - ****************** Test Execution completed ****************
2019-01-21 13:16:02 INFO  Log:21 - ****************** Test Execution started ******************
2019-01-21 13:16:19 INFO  Log:21 - ****************** Test Execution completed ****************
2019-01-21 13:16:35 INFO  Log:21 - ****************** Test Execution started ******************
2019-01-21 13:16:37 INFO  Log:21 - ****************** Test Execution completed ****************
2019-01-21 13:17:42 INFO  Log:21 - ****************** Test Execution started ******************
2019-01-21 13:17:43 INFO  Log:21 - ****************** Test Execution completed ****************
2019-01-21 13:19:14 INFO  Log:21 - ****************** Test Execution started ******************
2019-01-21 13:19:16 INFO  Log:21 - ****************** Test Execution completed ****************
2019-01-21 13:19:46 INFO  Log:21 - ****************** Test Execution started ******************
2019-01-21 13:19:47 INFO  Log:21 - ****************** Test Execution completed ****************
2019-01-21 13:20:01 INFO  Log:21 - ****************** Test Execution started ******************
2019-01-21 13:20:03 INFO  Log:21 - ****************** Test Execution completed ****************
2019-01-21 13:20:31 INFO  Log:21 - ****************** Test Execution started ******************
2019-01-21 13:20:32 INFO  Log:21 - ****************** Test Execution completed ****************
2019-01-21 13:20:47 INFO  Log:21 - ****************** Test Execution started ******************
2019-01-21 13:20:49 INFO  Log:21 - ****************** Test Execution completed ****************
2019-01-21 13:21:41 INFO  Log:21 - ****************** Test Execution started ******************
2019-01-21 13:21:43 INFO  Log:21 - ****************** Test Execution completed ****************
2019-01-21 13:22:54 INFO  Log:21 - ****************** Test Execution started ******************
2019-01-21 13:22:55 INFO  Log:21 - ****************** Test Execution completed ****************
2019-01-21 13:30:42 INFO  Log:21 - ****************** Test Execution started ******************
2019-01-21 13:30:44 ERROR Log:30 - Element 'username' by name : ctl00$MainContent$username is not found
2019-01-21 13:30:44 INFO  Log:21 - ****************** Test Execution completed ****************
2019-01-21 13:31:09 INFO  Log:21 - ****************** Test Execution started ******************
2019-01-21 13:31:27 INFO  Log:21 - Entered text in 'username'
2019-01-21 13:31:28 INFO  Log:21 - Entered text in 'password'
2019-01-21 13:31:31 INFO  Log:21 - Clicked on 'loginbutton' button.
2019-01-21 13:31:31 INFO  Log:21 - ****************** Test Execution completed ****************
2019-01-21 13:32:17 INFO  Log:21 - ****************** Test Execution started ******************
2019-01-21 13:32:30 INFO  Log:21 - Entered text in 'username'
2019-01-21 13:32:30 INFO  Log:21 - Entered text in 'password'
2019-01-21 13:32:32 INFO  Log:21 - Clicked on 'loginbutton' button.
2019-01-21 13:32:32 INFO  Log:21 - ****************** Test Execution completed ****************
2019-01-22 19:13:37 INFO  Log:21 - ****************** Test Execution started ******************
2019-01-22 19:14:04 INFO  Log:21 - ****************** Test Execution completed ****************
2019-01-22 19:15:27 INFO  Log:21 - ****************** Test Execution started ******************
2019-01-22 19:15:41 INFO  Log:21 - ****************** Test Execution completed ****************
2019-01-22 19:16:52 INFO  Log:21 - ****************** Test Execution started ******************
2019-01-22 19:16:54 INFO  Log:21 - ****************** Test Execution completed ****************
2019-01-22 19:18:57 INFO  Log:21 - ****************** Test Execution started ******************
2019-01-22 19:20:10 INFO  Log:21 - ****************** Test Execution started ******************
2019-01-22 19:23:12 INFO  Log:21 - ****************** Test Execution started ******************
2019-01-22 19:24:54 ERROR Log:30 - Element 'username' by name : ctl00$MainContent$username is not found
2019-01-22 19:24:54 INFO  Log:21 - ****************** Test Execution completed ****************
2019-01-22 19:25:08 INFO  Log:21 - ****************** Test Execution started ******************
2019-01-22 19:25:10 ERROR Log:30 - Element 'username' by name : ctl00$MainContent$username is not found
2019-01-22 19:25:10 INFO  Log:21 - ****************** Test Execution completed ****************
2019-01-22 19:25:50 INFO  Log:21 - ****************** Test Execution started ******************
2019-01-22 19:26:08 INFO  Log:21 - Entered text in 'username'
2019-01-22 19:26:08 INFO  Log:21 - Entered text in 'password'
2019-01-22 19:26:14 INFO  Log:21 - Clicked on 'loginbutton' button.
2019-01-22 19:26:14 ERROR Log:30 - Element 'username' by name : ctl00$MainContent$username is not found
2019-01-22 19:26:14 INFO  Log:21 - ****************** Test Execution completed ****************
2019-01-22 19:59:11 INFO  Log:21 - ****************** Test Execution started ******************
2019-01-22 19:59:41 INFO  Log:21 - Entered text in 'username'
2019-01-22 19:59:41 INFO  Log:21 - Entered text in 'password'
2019-01-22 19:59:47 INFO  Log:21 - Clicked on 'loginbutton' button.
2019-01-22 19:59:47 ERROR Log:30 - Element 'username' by name : ctl00$MainContent$username is not found
2019-01-22 20:00:42 INFO  Log:21 - ****************** Test Execution completed ****************
2019-01-22 20:02:21 INFO  Log:21 - ****************** Test Execution started ******************
2019-01-22 20:02:37 INFO  Log:21 - Entered text in 'username'
2019-01-22 20:02:37 INFO  Log:21 - Entered text in 'password'
2019-01-22 20:02:42 INFO  Log:21 - Clicked on 'loginbutton' button.
2019-01-22 20:02:42 ERROR Log:30 - Element 'username' by name : ctl00$MainContent$username is not found
2019-01-22 20:02:42 INFO  Log:21 - ****************** Test Execution completed ****************
2019-01-22 20:05:29 INFO  Log:21 - ****************** Test Execution started ******************
2019-01-22 20:05:30 ERROR Log:30 - Element 'username' by name : ctl00$MainContent$username is not found
2019-01-22 20:05:30 INFO  Log:21 - ****************** Test Execution completed ****************
2019-01-22 20:07:22 INFO  Log:21 - ****************** Test Execution started ******************
2019-01-22 20:07:24 ERROR Log:30 - Element 'username' by name : ctl00$MainContent$username is not found
2019-01-22 20:07:24 INFO  Log:21 - ****************** Test Execution completed ****************
2019-01-24 14:24:08 INFO  Log:21 - ****************** Test Execution started ******************
2019-01-24 14:24:10 ERROR Log:30 - Element 'username' by name : ctl00$MainContent$username is not found
2019-01-24 14:24:10 INFO  Log:21 - ****************** Test Execution completed ****************
2019-01-24 14:27:39 INFO  Log:21 - ****************** Test Execution started ******************
2019-01-24 14:27:41 ERROR Log:30 - Element 'username' by name : ctl00$MainContent$username is not found
2019-01-24 14:27:41 INFO  Log:21 - ****************** Test Execution completed ****************
2019-01-24 14:36:57 INFO  Log:21 - ****************** Test Execution started ******************
2019-01-24 14:36:59 ERROR Log:30 - Element 'username' by name : ctl00$MainContent$username is not found
2019-01-24 14:36:59 INFO  Log:21 - ****************** Test Execution completed ****************
2019-01-24 14:37:27 INFO  Log:21 - ****************** Test Execution started ******************
2019-01-24 14:40:31 ERROR Log:30 - Element 'username' by name : ctl00$MainContent$username is not found
2019-01-24 14:40:58 ERROR Log:30 - Element 'username' by name : ctl00$MainContent$username is not found
2019-01-24 14:40:58 ERROR Log:30 - Element 'username' by name : ctl00$MainContent$username is not found
2019-01-24 14:41:13 ERROR Log:30 - Element 'username' by name : ctl00$MainContent$username is not found
2019-01-24 14:43:31 INFO  Log:21 - ****************** Test Execution started ******************
2019-01-24 14:43:33 ERROR Log:30 - Element 'username' by name : ctl00$MainContent$username is not found
2019-01-24 14:43:33 INFO  Log:21 - ****************** Test Execution completed ****************
2019-01-24 14:43:50 INFO  Log:21 - ****************** Test Execution started ******************
2019-01-24 14:44:21 ERROR Log:30 - Element 'username' by name : ctl00$MainContent$username is not found
2019-01-24 14:44:46 INFO  Log:21 - ****************** Test Execution started ******************
2019-01-24 14:45:19 ERROR Log:30 - Element 'username' by name : ctl00$MainContent$username is not found
2019-01-24 14:45:26 ERROR Log:30 - Element 'username' by name : ctl00$MainContent$username is not found
2019-01-24 14:45:37 ERROR Log:30 - Element 'username' by name : ctl00$MainContent$username is not found
2019-01-24 14:45:38 ERROR Log:30 - Element 'username' by name : ctl00$MainContent$username is not found
2019-01-24 14:45:38 ERROR Log:30 - Element 'username' by name : ctl00$MainContent$username is not found
2019-01-24 14:45:39 ERROR Log:30 - Element 'username' by name : ctl00$MainContent$username is not found
2019-01-24 14:46:05 ERROR Log:30 - Element 'username' by name : ctl00$MainContent$username is not found
2019-01-24 14:49:13 ERROR Log:30 - Element 'username' by name : ctl00$MainContent$username is not found
2019-01-24 14:49:13 ERROR Log:30 - Element 'username' by name : ctl00$MainContent$username is not found
2019-01-24 14:49:16 ERROR Log:30 - Element 'username' by name : ctl00$MainContent$username is not found
2019-01-24 14:49:27 ERROR Log:30 - Element 'username' by name : ctl00$MainContent$username is not found
2019-01-24 14:49:30 ERROR Log:30 - Element 'username' by name : ctl00$MainContent$username is not found
2019-01-24 14:49:41 INFO  Log:21 - ****************** Test Execution completed ****************
2019-01-24 14:51:04 INFO  Log:21 - ****************** Test Execution started ******************
2019-01-24 14:51:06 ERROR Log:30 - Element 'username' by name : ctl00$MainContent$username is not found
2019-01-24 14:51:06 ERROR Log:30 - Please initiate the driver..
2019-01-24 14:51:06 ERROR Log:30 - Element 'password' by id : ctl00_MainContent_password is not found
2019-01-24 14:51:06 ERROR Log:30 - Please initiate the driver..
2019-01-24 14:51:06 ERROR Log:30 - Element 'loginbutton' by name : ctl00$MainContent$login_button is not found
2019-01-24 14:51:06 INFO  Log:21 - ****************** Test Execution completed ****************
2019-01-24 14:52:21 INFO  Log:21 - ****************** Test Execution started ******************
2019-01-24 14:52:23 ERROR Log:30 - Element 'username' by name : ctl00$MainContent$username is not found
2019-01-24 14:52:23 ERROR Log:30 - Webelement is null..
2019-01-24 14:52:23 ERROR Log:30 - Element 'password' by id : ctl00_MainContent_password is not found
2019-01-24 14:52:23 ERROR Log:30 - Webelement is null..
2019-01-24 14:52:23 ERROR Log:30 - Element 'loginbutton' by name : ctl00$MainContent$login_button is not found
2019-01-24 14:52:23 ERROR Log:30 - Webelement is null..
2019-01-24 14:52:23 ERROR Log:30 - Element 'username' by name : ctl00$MainContent$username is not found
2019-01-24 14:52:23 ERROR Log:30 - Webelement is null..
2019-01-24 14:52:23 ERROR Log:30 - Element 'password' by id : ctl00_MainContent_password is not found
2019-01-24 14:52:23 ERROR Log:30 - Webelement is null..
2019-01-24 14:52:23 ERROR Log:30 - Element 'loginbutton' by name : ctl00$MainContent$login_button is not found
2019-01-24 14:52:23 ERROR Log:30 - Webelement is null..
2019-01-24 14:52:23 ERROR Log:30 - Element 'username' by name : ctl00$MainContent$username is not found
2019-01-24 14:52:23 ERROR Log:30 - Webelement is null..
2019-01-24 14:52:23 ERROR Log:30 - Element 'password' by id : ctl00_MainContent_password is not found
2019-01-24 14:52:23 ERROR Log:30 - Webelement is null..
2019-01-24 14:52:23 ERROR Log:30 - Element 'loginbutton' by name : ctl00$MainContent$login_button is not found
2019-01-24 14:52:23 ERROR Log:30 - Webelement is null..
2019-01-24 14:52:23 INFO  Log:21 - ****************** Test Execution completed ****************
2019-01-24 14:55:20 INFO  Log:21 - ****************** Test Execution started ******************
2019-01-24 14:55:21 ERROR Log:30 - Element 'username' by name : ctl00$MainContent$username is not found
2019-01-24 14:55:21 INFO  Log:21 - ****************** Test Execution completed ****************
2019-01-24 14:58:23 INFO  Log:21 - ****************** Test Execution started ******************
2019-01-24 14:58:24 ERROR Log:30 - Element 'username' by name : ctl00$MainContent$username is not found
2019-01-24 14:58:24 ERROR Log:30 - Element 'username' by name : ctl00$MainContent$username is not found
2019-01-24 14:58:24 ERROR Log:30 - Element 'username' by name : ctl00$MainContent$username is not found
2019-01-24 14:58:24 INFO  Log:21 - ****************** Test Execution completed ****************
2019-01-24 17:07:56 INFO  Log:21 - ****************** Test Execution started ******************
2019-01-24 17:07:57 ERROR Log:30 - Element 'username' by name : ctl00$MainContent$username is not found
2019-01-24 17:07:57 ERROR Log:30 - Element 'username' by name : ctl00$MainContent$username is not found
2019-01-24 17:07:57 ERROR Log:30 - Element 'username' by name : ctl00$MainContent$username is not found
2019-01-24 17:07:57 INFO  Log:21 - ****************** Test Execution completed ****************
2019-01-24 17:15:34 INFO  Log:21 - ****************** Test Execution started ******************
2019-01-24 17:15:35 ERROR Log:30 - Element 'username' by name : ctl00$MainContent$username is not found
2019-01-24 17:15:35 INFO  Log:21 - TC_001--false
2019-01-24 17:15:35 ERROR Log:30 - Element 'password' by id : ctl00_MainContent_password is not found
2019-01-24 17:15:35 INFO  Log:21 - TC_001--false
2019-01-24 17:15:35 ERROR Log:30 - Element 'loginbutton' by name : ctl00$MainContent$login_button is not found
2019-01-24 17:15:35 ERROR Log:30 - Webelement is null..
2019-01-24 17:15:35 INFO  Log:21 - TC_001--false
2019-01-24 17:15:35 ERROR Log:30 - Element 'username' by name : ctl00$MainContent$username is not found
2019-01-24 17:15:35 INFO  Log:21 - TC_002--false
2019-01-24 17:15:35 ERROR Log:30 - Element 'password' by id : ctl00_MainContent_password is not found
2019-01-24 17:15:35 INFO  Log:21 - TC_002--false
2019-01-24 17:15:35 ERROR Log:30 - Element 'loginbutton' by name : ctl00$MainContent$login_button is not found
2019-01-24 17:15:35 ERROR Log:30 - Webelement is null..
2019-01-24 17:15:35 INFO  Log:21 - TC_002--false
2019-01-24 17:15:35 ERROR Log:30 - Element 'username' by name : ctl00$MainContent$username is not found
2019-01-24 17:15:35 INFO  Log:21 - TC_003--false
2019-01-24 17:15:35 ERROR Log:30 - Element 'password' by id : ctl00_MainContent_password is not found
2019-01-24 17:15:35 INFO  Log:21 - TC_003--false
2019-01-24 17:15:35 ERROR Log:30 - Element 'loginbutton' by name : ctl00$MainContent$login_button is not found
2019-01-24 17:15:35 ERROR Log:30 - Webelement is null..
2019-01-24 17:15:35 INFO  Log:21 - TC_003--false
2019-01-24 17:15:35 INFO  Log:21 - ****************** Test Execution completed ****************
2019-01-24 17:17:23 INFO  Log:21 - ****************** Test Execution started ******************
2019-01-24 17:17:24 ERROR Log:30 - Element 'username' by name : ctl00$MainContent$username is not found
2019-01-24 17:17:24 ERROR Log:30 - Element 'username' by name : ctl00$MainContent$username is not found
2019-01-24 17:17:24 ERROR Log:30 - Element 'username' by name : ctl00$MainContent$username is not found
2019-01-24 17:17:24 INFO  Log:21 - ****************** Test Execution completed ****************
2019-01-24 17:18:02 INFO  Log:21 - ****************** Test Execution started ******************
2019-01-24 17:18:03 ERROR Log:30 - Element 'username' by name : ctl00$MainContent$username is not found
2019-01-24 17:18:03 INFO  Log:21 - TC_001--false
2019-01-24 17:18:03 ERROR Log:30 - Element 'username' by name : ctl00$MainContent$username is not found
2019-01-24 17:18:03 INFO  Log:21 - TC_002--false
2019-01-24 17:18:03 ERROR Log:30 - Element 'username' by name : ctl00$MainContent$username is not found
2019-01-24 17:18:03 INFO  Log:21 - TC_003--false
2019-01-24 17:18:03 INFO  Log:21 - ****************** Test Execution completed ****************
2019-01-24 17:18:28 INFO  Log:21 - ****************** Test Execution started ******************
2019-01-24 17:18:29 ERROR Log:30 - Element 'username' by name : ctl00$MainContent$username is not found
2019-01-24 17:18:29 INFO  Log:21 - TC_001--Fail
2019-01-24 17:18:29 ERROR Log:30 - Element 'username' by name : ctl00$MainContent$username is not found
2019-01-24 17:18:29 INFO  Log:21 - TC_002--Fail
2019-01-24 17:18:29 ERROR Log:30 - Element 'username' by name : ctl00$MainContent$username is not found
2019-01-24 17:18:29 INFO  Log:21 - TC_003--Fail
2019-01-24 17:18:29 INFO  Log:21 - ****************** Test Execution completed ****************
2019-01-24 18:17:03 INFO  Log:21 - ****************** Test Execution started ******************
2019-01-24 18:17:04 ERROR Log:30 - Element 'username' by name : ctl00$MainContent$username is not found
2019-01-24 18:17:04 INFO  Log:21 - TC_001--Fail
2019-01-24 18:17:04 ERROR Log:30 - Element 'username' by name : ctl00$MainContent$username is not found
2019-01-24 18:17:04 INFO  Log:21 - TC_002--Fail
2019-01-24 18:17:04 ERROR Log:30 - Element 'username' by name : ctl00$MainContent$username is not found
2019-01-24 18:17:04 INFO  Log:21 - TC_003--Fail
2019-01-24 18:17:04 INFO  Log:21 - ****************** Test Execution completed ****************
2019-01-24 18:18:30 INFO  Log:21 - ****************** Test Execution started ******************
2019-01-24 18:18:59 INFO  Log:21 - Entered text in 'username'
2019-01-24 18:18:59 INFO  Log:21 - TC_001--Pass
2019-01-24 18:18:59 INFO  Log:21 - Entered text in 'password'
2019-01-24 18:18:59 INFO  Log:21 - TC_001--Pass
2019-01-24 18:19:02 INFO  Log:21 - Clicked on 'loginbutton' button.
2019-01-24 18:19:02 INFO  Log:21 - TC_001--Pass
2019-01-24 18:19:02 ERROR Log:30 - Element 'username' by name : ctl00$MainContent$username is not found
2019-01-24 18:19:02 INFO  Log:21 - TC_002--Fail
2019-01-24 18:19:02 ERROR Log:30 - Element 'username' by name : ctl00$MainContent$username is not found
2019-01-24 18:19:02 INFO  Log:21 - TC_003--Fail
2019-01-24 18:19:02 INFO  Log:21 - ****************** Test Execution completed ****************
2019-01-24 18:22:26 INFO  Log:21 - ****************** Test Execution started ******************
2019-01-24 18:22:38 INFO  Log:21 - Entered text in 'username'
2019-01-24 18:22:38 INFO  Log:21 - 1--Pass
2019-01-24 18:22:38 INFO  Log:21 - TC_001--Pass
2019-01-24 18:22:38 INFO  Log:21 - Entered text in 'password'
2019-01-24 18:22:38 INFO  Log:21 - 2--Pass
2019-01-24 18:22:38 INFO  Log:21 - TC_001--Pass
2019-01-24 18:22:40 INFO  Log:21 - Clicked on 'loginbutton' button.
2019-01-24 18:22:40 INFO  Log:21 - 3--Pass
2019-01-24 18:22:40 INFO  Log:21 - TC_001--Pass
2019-01-24 18:22:40 ERROR Log:30 - Element 'username' by name : ctl00$MainContent$username is not found
2019-01-24 18:22:40 INFO  Log:21 - TC_002--Fail
2019-01-24 18:22:40 ERROR Log:30 - Element 'username' by name : ctl00$MainContent$username is not found
2019-01-24 18:22:40 INFO  Log:21 - TC_003--Fail
2019-01-24 18:22:40 INFO  Log:21 - ****************** Test Execution completed ****************
2019-01-24 18:34:42 INFO  Log:21 - ****************** Test Execution started ******************
2019-01-24 18:34:54 INFO  Log:21 - Entered text in 'username'
2019-01-24 18:34:54 INFO  Log:21 - 1--Pass
2019-01-24 18:34:54 INFO  Log:21 - Entered text in 'password'
2019-01-24 18:34:54 INFO  Log:21 - 2--Pass
2019-01-24 18:34:56 INFO  Log:21 - Clicked on 'loginbutton' button.
2019-01-24 18:34:56 INFO  Log:21 - 3--Pass
2019-01-24 18:34:56 INFO  Log:21 - TC_001--Pass
2019-01-24 18:34:56 ERROR Log:30 - Element 'username' by name : ctl00$MainContent$username is not found
2019-01-24 18:34:56 INFO  Log:21 - TC_002--Fail
2019-01-24 18:34:56 INFO  Log:21 - TC_002--Fail
2019-01-24 18:34:56 ERROR Log:30 - Element 'username' by name : ctl00$MainContent$username is not found
2019-01-24 18:34:56 INFO  Log:21 - TC_003--Fail
2019-01-24 18:34:56 INFO  Log:21 - TC_003--Fail
2019-01-24 18:34:56 INFO  Log:21 - ****************** Test Execution completed ****************
2019-01-24 18:36:25 INFO  Log:21 - ****************** Test Execution started ******************
2019-01-24 18:36:37 INFO  Log:21 - Entered text in 'username'
2019-01-24 18:36:37 INFO  Log:21 - 1--Pass
2019-01-24 18:36:37 INFO  Log:21 - Entered text in 'password'
2019-01-24 18:36:37 INFO  Log:21 - 2--Pass
2019-01-24 18:36:39 INFO  Log:21 - Clicked on 'loginbutton' button.
2019-01-24 18:36:39 INFO  Log:21 - 3--Pass
2019-01-24 18:36:39 INFO  Log:21 - TC_001--Pass
2019-01-24 18:36:39 ERROR Log:30 - Element 'username' by name : ctl00$MainContent$username is not found
2019-01-24 18:36:39 INFO  Log:21 - 1--Fail
2019-01-24 18:36:39 INFO  Log:21 - TC_002--Fail
2019-01-24 18:36:39 ERROR Log:30 - Element 'username' by name : ctl00$MainContent$username is not found
2019-01-24 18:36:39 INFO  Log:21 - 1--Fail
2019-01-24 18:36:39 INFO  Log:21 - TC_003--Fail
2019-01-24 18:36:39 INFO  Log:21 - ****************** Test Execution completed ****************
2019-01-24 18:38:00 INFO  Log:21 - ****************** Test Execution started ******************
2019-01-24 18:38:10 INFO  Log:21 - Entered text in 'username'
2019-01-24 18:38:10 INFO  Log:21 - 1--Pass
2019-01-24 18:38:10 INFO  Log:21 - Entered text in 'password'
2019-01-24 18:38:10 INFO  Log:21 - 2--Pass
2019-01-24 18:38:12 INFO  Log:21 - Clicked on 'loginbutton' button.
2019-01-24 18:38:12 INFO  Log:21 - 3--Pass
2019-01-24 18:38:12 INFO  Log:21 - TC_001--Pass
2019-01-24 18:38:12 ERROR Log:30 - Element 'username' by name : ctl00$MainContent$username is not found
2019-01-24 18:38:12 INFO  Log:21 - 1--Fail
2019-01-24 18:38:12 INFO  Log:21 - TC_002--Fail
2019-01-24 18:38:12 ERROR Log:30 - Element 'username' by name : ctl00$MainContent$username is not found
2019-01-24 18:38:12 INFO  Log:21 - 1--Fail
2019-01-24 18:38:12 INFO  Log:21 - TC_003--Fail
2019-01-24 18:38:12 INFO  Log:21 - ****************** Test Execution completed ****************
2019-01-24 18:42:42 INFO  Log:21 - ****************** Test Execution started ******************
2019-01-24 18:42:51 INFO  Log:21 - Entered text in 'username'
2019-01-24 18:42:51 INFO  Log:21 - 1--Pass
2019-01-24 18:42:51 INFO  Log:21 - Entered text in 'password'
2019-01-24 18:42:51 INFO  Log:21 - 2--Pass
2019-01-24 18:42:53 INFO  Log:21 - Clicked on 'loginbutton' button.
2019-01-24 18:42:53 INFO  Log:21 - 3--Pass
2019-01-24 18:42:53 INFO  Log:21 - TC_001--Pass
2019-01-24 18:42:53 ERROR Log:30 - Element 'username' by name : ctl00$MainContent$username is not found
2019-01-24 18:42:53 INFO  Log:21 - 1--Fail
2019-01-24 18:42:53 INFO  Log:21 - TC_002--Fail
2019-01-24 18:42:53 ERROR Log:30 - Element 'username' by name : ctl00$MainContent$username is not found
2019-01-24 18:42:53 INFO  Log:21 - 1--Fail
2019-01-24 18:42:53 INFO  Log:21 - TC_003--Fail
2019-01-24 18:42:53 INFO  Log:21 - ****************** Test Execution completed ****************
2019-01-24 18:43:55 INFO  Log:21 - ****************** Test Execution started ******************
2019-01-24 18:43:56 ERROR Log:30 - Element 'username' by name : ctl00$MainContent$username is not found
2019-01-24 18:43:56 INFO  Log:21 - 1--Fail
2019-01-24 18:43:56 INFO  Log:21 - TC_001--Fail
2019-01-24 18:43:56 ERROR Log:30 - Element 'username' by name : ctl00$MainContent$username is not found
2019-01-24 18:43:56 INFO  Log:21 - 1--Fail
2019-01-24 18:43:56 INFO  Log:21 - TC_002--Fail
2019-01-24 18:43:56 ERROR Log:30 - Element 'username' by name : ctl00$MainContent$username is not found
2019-01-24 18:43:56 INFO  Log:21 - 1--Fail
2019-01-24 18:43:56 INFO  Log:21 - TC_003--Fail
2019-01-24 18:43:56 INFO  Log:21 - ****************** Test Execution completed ****************
2019-01-24 18:44:39 INFO  Log:21 - ****************** Test Execution started ******************
2019-01-24 18:44:40 ERROR Log:30 - Element 'username' by name : ctl00$MainContent$username is not found
2019-01-24 18:44:40 INFO  Log:21 - 1--Fail
2019-01-24 18:44:40 INFO  Log:21 - TC_001--Fail
2019-01-24 18:44:40 ERROR Log:30 - Element 'username' by name : ctl00$MainContent$username is not found
2019-01-24 18:44:40 INFO  Log:21 - 1--Fail
2019-01-24 18:44:40 INFO  Log:21 - TC_002--Fail
2019-01-24 18:44:40 ERROR Log:30 - Element 'username' by name : ctl00$MainContent$username is not found
2019-01-24 18:44:40 INFO  Log:21 - 1--Fail
2019-01-24 18:44:40 INFO  Log:21 - TC_003--Fail
2019-01-24 18:44:40 INFO  Log:21 - ****************** Test Execution completed ****************
2019-01-24 18:45:02 INFO  Log:21 - ****************** Test Execution started ******************
2019-01-24 18:45:04 ERROR Log:30 - Element 'username' by name : ctl00$MainContent$username is not found
2019-01-24 18:45:04 INFO  Log:21 - 1--Fail
2019-01-24 18:45:04 INFO  Log:21 - TC_001--Fail
2019-01-24 18:45:04 ERROR Log:30 - Element 'username' by name : ctl00$MainContent$username is not found
2019-01-24 18:45:04 INFO  Log:21 - 1--Fail
2019-01-24 18:45:04 INFO  Log:21 - TC_002--Fail
2019-01-24 18:45:04 ERROR Log:30 - Element 'username' by name : ctl00$MainContent$username is not found
2019-01-24 18:45:04 INFO  Log:21 - 1--Fail
2019-01-24 18:45:04 INFO  Log:21 - TC_003--Fail
2019-01-24 18:45:04 INFO  Log:21 - ****************** Test Execution completed ****************
2019-01-24 18:45:59 INFO  Log:21 - ****************** Test Execution started ******************
2019-01-24 18:46:00 ERROR Log:30 - Element 'username' by name : ctl00$MainContent$username is not found
2019-01-24 18:46:00 INFO  Log:21 - Step 1--Fail
2019-01-24 18:46:00 INFO  Log:21 - TC_001--Fail
2019-01-24 18:46:00 ERROR Log:30 - Element 'username' by name : ctl00$MainContent$username is not found
2019-01-24 18:46:00 INFO  Log:21 - Step 1--Fail
2019-01-24 18:46:00 INFO  Log:21 - TC_002--Fail
2019-01-24 18:46:00 ERROR Log:30 - Element 'username' by name : ctl00$MainContent$username is not found
2019-01-24 18:46:00 INFO  Log:21 - Step 1--Fail
2019-01-24 18:46:00 INFO  Log:21 - TC_003--Fail
2019-01-24 18:46:00 INFO  Log:21 - ****************** Test Execution completed ****************
2019-01-26 14:24:57 INFO  Log:21 - ****************** Test Execution started ******************
2019-01-26 14:24:57 INFO  Log:21 - ****************** Test Execution completed ****************
2019-01-26 14:25:42 INFO  Log:21 - ****************** Test Execution started ******************
2019-01-26 14:25:42 INFO  Log:21 - ****************** Test Execution completed ****************
2019-01-26 14:28:14 INFO  Log:21 - ****************** Test Execution started ******************
2019-01-26 14:28:14 INFO  Log:21 - ****************** Test Execution completed ****************
2019-01-26 14:32:38 INFO  Log:21 - Entered text in 'username'
2019-01-26 14:32:38 INFO  Log:21 - Step 1--Pass
2019-01-26 14:32:38 INFO  Log:21 - Entered text in 'password'
2019-01-26 14:32:38 INFO  Log:21 - Step 2--Pass
2019-01-26 14:32:41 INFO  Log:21 - Clicked on 'loginbutton' button.
2019-01-26 14:32:41 INFO  Log:21 - Step 3--Pass
2019-01-26 14:32:41 INFO  Log:21 - TC_001--Pass
2019-01-26 14:32:41 ERROR Log:30 - Element 'username' by name : ctl00$MainContent$username is not found
2019-01-26 14:32:41 INFO  Log:21 - Step 1--Fail
2019-01-26 14:32:41 INFO  Log:21 - TC_002--Fail
2019-01-26 14:32:41 ERROR Log:30 - Element 'username' by name : ctl00$MainContent$username is not found
2019-01-26 14:32:41 INFO  Log:21 - Step 1--Fail
2019-01-26 14:32:41 INFO  Log:21 - TC_003--Fail
2019-01-26 14:32:41 INFO  Log:21 - ****************** Test Execution started ******************
2019-01-26 14:32:41 INFO  Log:21 - ****************** Test Execution completed ****************
2019-01-26 14:35:02 INFO  Log:21 - Entered text in 'username'
2019-01-26 14:35:02 INFO  Log:21 - Step 1--Pass
2019-01-26 14:35:02 INFO  Log:21 - Entered text in 'password'
2019-01-26 14:35:02 INFO  Log:21 - Step 2--Pass
2019-01-26 14:35:06 INFO  Log:21 - Clicked on 'loginbutton' button.
2019-01-26 14:35:06 INFO  Log:21 - Step 3--Pass
2019-01-26 14:35:06 INFO  Log:21 - TC_001--Pass
2019-01-26 14:35:07 ERROR Log:30 - Element 'username' by name : ctl00$MainContent$username is not found
2019-01-26 14:35:07 INFO  Log:21 - Step 1--Fail
2019-01-26 14:35:07 INFO  Log:21 - TC_002--Fail
2019-01-26 14:35:07 ERROR Log:30 - Element 'username' by name : ctl00$MainContent$username is not found
2019-01-26 14:35:07 INFO  Log:21 - Step 1--Fail
2019-01-26 14:35:07 INFO  Log:21 - TC_003--Fail
2019-01-26 14:35:07 INFO  Log:21 - ****************** Test Execution started ******************
2019-01-26 14:35:07 INFO  Log:21 - ****************** Test Execution completed ****************
2019-01-26 14:50:09 INFO  Log:21 - ****************** Test Execution started ******************
2019-01-26 14:50:09 INFO  Log:21 - Entered text in 'username'
2019-01-26 14:50:09 INFO  Log:21 - Step 1--Pass
2019-01-26 14:50:09 INFO  Log:21 - Entered text in 'password'
2019-01-26 14:50:09 INFO  Log:21 - Step 2--Pass
2019-01-26 14:50:12 INFO  Log:21 - Clicked on 'loginbutton' button.
2019-01-26 14:50:12 INFO  Log:21 - Step 3--Pass
2019-01-26 14:50:12 INFO  Log:21 - TC_001--Pass
2019-01-26 14:50:12 ERROR Log:30 - Element 'username' by name : ctl00$MainContent$username is not found
2019-01-26 14:50:12 INFO  Log:21 - Step 1--Fail
2019-01-26 14:50:12 INFO  Log:21 - TC_002--Fail
2019-01-26 14:50:12 ERROR Log:30 - Element 'username' by name : ctl00$MainContent$username is not found
2019-01-26 14:50:12 INFO  Log:21 - Step 1--Fail
2019-01-26 14:50:12 INFO  Log:21 - TC_003--Fail
2019-01-26 14:50:12 INFO  Log:21 - ****************** Test Execution completed ****************
2019-01-26 14:51:22 INFO  Log:21 - ****************** Test Execution started ******************
2019-01-26 14:51:22 INFO  Log:21 - ****************** Test Execution completed ****************
2019-01-26 14:52:57 INFO  Log:21 - ****************** Test Execution started ******************
2019-01-26 14:52:58 INFO  Log:21 - Entered text in 'username'
2019-01-26 14:52:58 INFO  Log:21 - Step 1--Pass
2019-01-26 14:52:58 INFO  Log:21 - Entered text in 'password'
2019-01-26 14:52:58 INFO  Log:21 - Step 2--Pass
2019-01-26 14:53:00 INFO  Log:21 - Clicked on 'loginbutton' button.
2019-01-26 14:53:00 INFO  Log:21 - Step 3--Pass
2019-01-26 14:53:00 INFO  Log:21 - TC_001--Pass
2019-01-26 14:53:00 ERROR Log:30 - Element 'username' by name : ctl00$MainContent$username is not found
2019-01-26 14:53:00 INFO  Log:21 - Step 1--Fail
2019-01-26 14:53:00 INFO  Log:21 - TC_002--Fail
2019-01-26 14:53:00 ERROR Log:30 - Element 'username' by name : ctl00$MainContent$username is not found
2019-01-26 14:53:00 INFO  Log:21 - Step 1--Fail
2019-01-26 14:53:00 INFO  Log:21 - TC_003--Fail
2019-01-26 14:53:00 INFO  Log:21 - ****************** Test Execution completed ****************
2019-01-26 14:54:18 INFO  Log:21 - ****************** Test Execution started ******************
2019-01-26 14:54:18 INFO  Log:21 - ****************** Test Execution completed ****************
